;  LST file generated by mikroListExporter - v.2.0 
; Date/Time: 18/07/2020 16:22:32
;----------------------------------------------

;Address Opcode 	ASM
0x0000	0x2924      	GOTO       292
_Delay_50us:
;__Lib_Delays.c,19 :: 		void Delay_50us() {
;__Lib_Delays.c,20 :: 		Delay_us(50);
0x0003	0x3021      	MOVLW      33
0x0004	0x1283      	BCF        STATUS, 5
0x0005	0x1303      	BCF        STATUS, 6
0x0006	0x00FD      	MOVWF      R13
L_Delay_50us2:
0x0007	0x0BFD      	DECFSZ     R13, 1
0x0008	0x2807      	GOTO       L_Delay_50us2
;__Lib_Delays.c,21 :: 		}
L_end_Delay_50us:
0x0009	0x0008      	RETURN
; end of _Delay_50us
_Delay_5500us:
;__Lib_Delays.c,31 :: 		void Delay_5500us() {
;__Lib_Delays.c,32 :: 		Delay_us(5500);
0x000A	0x300F      	MOVLW      15
0x000B	0x1283      	BCF        STATUS, 5
0x000C	0x1303      	BCF        STATUS, 6
0x000D	0x00FC      	MOVWF      R12
0x000E	0x3047      	MOVLW      71
0x000F	0x00FD      	MOVWF      R13
L_Delay_5500us5:
0x0010	0x0BFD      	DECFSZ     R13, 1
0x0011	0x2810      	GOTO       L_Delay_5500us5
0x0012	0x0BFC      	DECFSZ     R12, 1
0x0013	0x2810      	GOTO       L_Delay_5500us5
0x0014	0x0000      	NOP
0x0015	0x0000      	NOP
;__Lib_Delays.c,33 :: 		}
L_end_Delay_5500us:
0x0016	0x0008      	RETURN
; end of _Delay_5500us
_Delay_1us:
;__Lib_Delays.c,7 :: 		void Delay_1us() {
;__Lib_Delays.c,8 :: 		Delay_us(1);
0x0017	0x0000      	NOP
0x0018	0x0000      	NOP
;__Lib_Delays.c,9 :: 		}
L_end_Delay_1us:
0x0019	0x0008      	RETURN
; end of _Delay_1us
_Lcd_Cmd:
;__Lib_Lcd.c,18 :: 		
;__Lib_Lcd.c,20 :: 		
0x001A	0x1683      	BSF        STATUS, 5
0x001B	0x1303      	BCF        STATUS, 6
0x001C	0x1BB7      	BTFSC      FARG_Lcd_Cmd_out_char, 7
0x001D	0x2821      	GOTO       L__Lcd_Cmd21
0x001E	0x1283      	BCF        STATUS, 5
0x001F	0x1286      	BCF        LCD_D7, BitPos(LCD_D7+0)
0x0020	0x2823      	GOTO       L__Lcd_Cmd22
L__Lcd_Cmd21:
0x0021	0x1283      	BCF        STATUS, 5
0x0022	0x1686      	BSF        LCD_D7, BitPos(LCD_D7+0)
L__Lcd_Cmd22:
;__Lib_Lcd.c,21 :: 		
0x0023	0x1683      	BSF        STATUS, 5
0x0024	0x1B37      	BTFSC      FARG_Lcd_Cmd_out_char, 6
0x0025	0x2829      	GOTO       L__Lcd_Cmd23
0x0026	0x1283      	BCF        STATUS, 5
0x0027	0x1206      	BCF        LCD_D6, BitPos(LCD_D6+0)
0x0028	0x282B      	GOTO       L__Lcd_Cmd24
L__Lcd_Cmd23:
0x0029	0x1283      	BCF        STATUS, 5
0x002A	0x1606      	BSF        LCD_D6, BitPos(LCD_D6+0)
L__Lcd_Cmd24:
;__Lib_Lcd.c,22 :: 		
0x002B	0x1683      	BSF        STATUS, 5
0x002C	0x1AB7      	BTFSC      FARG_Lcd_Cmd_out_char, 5
0x002D	0x2831      	GOTO       L__Lcd_Cmd25
0x002E	0x1283      	BCF        STATUS, 5
0x002F	0x1186      	BCF        LCD_D5, BitPos(LCD_D5+0)
0x0030	0x2833      	GOTO       L__Lcd_Cmd26
L__Lcd_Cmd25:
0x0031	0x1283      	BCF        STATUS, 5
0x0032	0x1586      	BSF        LCD_D5, BitPos(LCD_D5+0)
L__Lcd_Cmd26:
;__Lib_Lcd.c,23 :: 		
0x0033	0x1683      	BSF        STATUS, 5
0x0034	0x1A37      	BTFSC      FARG_Lcd_Cmd_out_char, 4
0x0035	0x2839      	GOTO       L__Lcd_Cmd27
0x0036	0x1283      	BCF        STATUS, 5
0x0037	0x1106      	BCF        LCD_D4, BitPos(LCD_D4+0)
0x0038	0x283B      	GOTO       L__Lcd_Cmd28
L__Lcd_Cmd27:
0x0039	0x1283      	BCF        STATUS, 5
0x003A	0x1506      	BSF        LCD_D4, BitPos(LCD_D4+0)
L__Lcd_Cmd28:
;__Lib_Lcd.c,25 :: 		
0x003B	0x1683      	BSF        STATUS, 5
0x003C	0x182B      	BTFSC      __Lib_Lcd_cmd_status, BitPos(__Lib_Lcd_cmd_status+0)
0x003D	0x2841      	GOTO       L__Lcd_Cmd29
0x003E	0x1283      	BCF        STATUS, 5
0x003F	0x1406      	BSF        LCD_RS, BitPos(LCD_RS+0)
0x0040	0x2843      	GOTO       L__Lcd_Cmd30
L__Lcd_Cmd29:
0x0041	0x1283      	BCF        STATUS, 5
0x0042	0x1006      	BCF        LCD_RS, BitPos(LCD_RS+0)
L__Lcd_Cmd30:
;__Lib_Lcd.c,28 :: 		
0x0043	0x1486      	BSF        LCD_EN, BitPos(LCD_EN+0)
;__Lib_Lcd.c,29 :: 		
0x0044	0x2017      	CALL       _Delay_1us
;__Lib_Lcd.c,30 :: 		
0x0045	0x1086      	BCF        LCD_EN, BitPos(LCD_EN+0)
;__Lib_Lcd.c,33 :: 		
0x0046	0x1683      	BSF        STATUS, 5
0x0047	0x19B7      	BTFSC      FARG_Lcd_Cmd_out_char, 3
0x0048	0x284C      	GOTO       L__Lcd_Cmd31
0x0049	0x1283      	BCF        STATUS, 5
0x004A	0x1286      	BCF        LCD_D7, BitPos(LCD_D7+0)
0x004B	0x284E      	GOTO       L__Lcd_Cmd32
L__Lcd_Cmd31:
0x004C	0x1283      	BCF        STATUS, 5
0x004D	0x1686      	BSF        LCD_D7, BitPos(LCD_D7+0)
L__Lcd_Cmd32:
;__Lib_Lcd.c,34 :: 		
0x004E	0x1683      	BSF        STATUS, 5
0x004F	0x1937      	BTFSC      FARG_Lcd_Cmd_out_char, 2
0x0050	0x2854      	GOTO       L__Lcd_Cmd33
0x0051	0x1283      	BCF        STATUS, 5
0x0052	0x1206      	BCF        LCD_D6, BitPos(LCD_D6+0)
0x0053	0x2856      	GOTO       L__Lcd_Cmd34
L__Lcd_Cmd33:
0x0054	0x1283      	BCF        STATUS, 5
0x0055	0x1606      	BSF        LCD_D6, BitPos(LCD_D6+0)
L__Lcd_Cmd34:
;__Lib_Lcd.c,35 :: 		
0x0056	0x1683      	BSF        STATUS, 5
0x0057	0x18B7      	BTFSC      FARG_Lcd_Cmd_out_char, 1
0x0058	0x285C      	GOTO       L__Lcd_Cmd35
0x0059	0x1283      	BCF        STATUS, 5
0x005A	0x1186      	BCF        LCD_D5, BitPos(LCD_D5+0)
0x005B	0x285E      	GOTO       L__Lcd_Cmd36
L__Lcd_Cmd35:
0x005C	0x1283      	BCF        STATUS, 5
0x005D	0x1586      	BSF        LCD_D5, BitPos(LCD_D5+0)
L__Lcd_Cmd36:
;__Lib_Lcd.c,36 :: 		
0x005E	0x1683      	BSF        STATUS, 5
0x005F	0x1837      	BTFSC      FARG_Lcd_Cmd_out_char, 0
0x0060	0x2864      	GOTO       L__Lcd_Cmd37
0x0061	0x1283      	BCF        STATUS, 5
0x0062	0x1106      	BCF        LCD_D4, BitPos(LCD_D4+0)
0x0063	0x2866      	GOTO       L__Lcd_Cmd38
L__Lcd_Cmd37:
0x0064	0x1283      	BCF        STATUS, 5
0x0065	0x1506      	BSF        LCD_D4, BitPos(LCD_D4+0)
L__Lcd_Cmd38:
;__Lib_Lcd.c,38 :: 		
0x0066	0x1683      	BSF        STATUS, 5
0x0067	0x182B      	BTFSC      __Lib_Lcd_cmd_status, BitPos(__Lib_Lcd_cmd_status+0)
0x0068	0x286C      	GOTO       L__Lcd_Cmd39
0x0069	0x1283      	BCF        STATUS, 5
0x006A	0x1406      	BSF        LCD_RS, BitPos(LCD_RS+0)
0x006B	0x286E      	GOTO       L__Lcd_Cmd40
L__Lcd_Cmd39:
0x006C	0x1283      	BCF        STATUS, 5
0x006D	0x1006      	BCF        LCD_RS, BitPos(LCD_RS+0)
L__Lcd_Cmd40:
;__Lib_Lcd.c,40 :: 		
0x006E	0x1486      	BSF        LCD_EN, BitPos(LCD_EN+0)
;__Lib_Lcd.c,41 :: 		
0x006F	0x2017      	CALL       _Delay_1us
;__Lib_Lcd.c,42 :: 		
0x0070	0x1086      	BCF        LCD_EN, BitPos(LCD_EN+0)
;__Lib_Lcd.c,44 :: 		
0x0071	0x1683      	BSF        STATUS, 5
0x0072	0x1C2B      	BTFSS      __Lib_Lcd_cmd_status, BitPos(__Lib_Lcd_cmd_status+0)
0x0073	0x2876      	GOTO       L_Lcd_Cmd0
;__Lib_Lcd.c,45 :: 		
0x0074	0x200A      	CALL       _Delay_5500us
0x0075	0x2877      	GOTO       L_Lcd_Cmd1
L_Lcd_Cmd0:
;__Lib_Lcd.c,47 :: 		
0x0076	0x2003      	CALL       _Delay_50us
L_Lcd_Cmd1:
;__Lib_Lcd.c,48 :: 		
L_end_Lcd_Cmd:
0x0077	0x0008      	RETURN
; end of _Lcd_Cmd
_____DoICP:
;__Lib_System.c,6 :: 		
;__Lib_System.c,9 :: 		
0x0078	0x1683      	BSF        STATUS, 5
0x0079	0x1303      	BCF        STATUS, 6
0x007A	0x082A      	MOVF       ___DoICPAddr+1, 0
0x007B	0x008A      	MOVWF      PCLATH
;__Lib_System.c,10 :: 		
0x007C	0x0829      	MOVF       ___DoICPAddr, 0
0x007D	0x0082      	MOVWF      PCL
;__Lib_System.c,12 :: 		
L_end_____DoICP:
0x007E	0x0008      	RETURN
; end of _____DoICP
_Lcd_Chr_CP:
;__Lib_Lcd.c,50 :: 		
;__Lib_Lcd.c,52 :: 		
0x007F	0x1683      	BSF        STATUS, 5
0x0080	0x1303      	BCF        STATUS, 6
0x0081	0x102B      	BCF        __Lib_Lcd_cmd_status, BitPos(__Lib_Lcd_cmd_status+0)
;__Lib_Lcd.c,53 :: 		
0x0082	0x0836      	MOVF       FARG_Lcd_Chr_CP_out_char, 0
0x0083	0x00B7      	MOVWF      FARG_Lcd_Cmd_out_char
0x0084	0x201A      	CALL       _Lcd_Cmd
;__Lib_Lcd.c,54 :: 		
0x0085	0x1683      	BSF        STATUS, 5
0x0086	0x142B      	BSF        __Lib_Lcd_cmd_status, BitPos(__Lib_Lcd_cmd_status+0)
;__Lib_Lcd.c,55 :: 		
L_end_Lcd_Chr_CP:
0x0087	0x0008      	RETURN
; end of _Lcd_Chr_CP
_Lcd_Init:
;__Lib_Lcd.c,84 :: 		
;__Lib_Lcd.c,86 :: 		
0x0088	0x1683      	BSF        STATUS, 5
0x0089	0x1303      	BCF        STATUS, 6
0x008A	0x1086      	BCF        LCD_EN_Direction, BitPos(LCD_EN_Direction+0)
;__Lib_Lcd.c,87 :: 		
0x008B	0x1006      	BCF        LCD_RS_Direction, BitPos(LCD_RS_Direction+0)
;__Lib_Lcd.c,88 :: 		
0x008C	0x1106      	BCF        LCD_D4_Direction, BitPos(LCD_D4_Direction+0)
;__Lib_Lcd.c,89 :: 		
0x008D	0x1186      	BCF        LCD_D5_Direction, BitPos(LCD_D5_Direction+0)
;__Lib_Lcd.c,90 :: 		
0x008E	0x1206      	BCF        LCD_D6_Direction, BitPos(LCD_D6_Direction+0)
;__Lib_Lcd.c,91 :: 		
0x008F	0x1286      	BCF        LCD_D7_Direction, BitPos(LCD_D7_Direction+0)
;__Lib_Lcd.c,93 :: 		
0x0090	0x1283      	BCF        STATUS, 5
0x0091	0x1086      	BCF        LCD_EN, BitPos(LCD_EN+0)
;__Lib_Lcd.c,94 :: 		
0x0092	0x1006      	BCF        LCD_RS, BitPos(LCD_RS+0)
;__Lib_Lcd.c,95 :: 		
0x0093	0x1286      	BCF        LCD_D7, BitPos(LCD_D7+0)
;__Lib_Lcd.c,96 :: 		
0x0094	0x1206      	BCF        LCD_D6, BitPos(LCD_D6+0)
;__Lib_Lcd.c,97 :: 		
0x0095	0x1186      	BCF        LCD_D5, BitPos(LCD_D5+0)
;__Lib_Lcd.c,98 :: 		
0x0096	0x1106      	BCF        LCD_D4, BitPos(LCD_D4+0)
;__Lib_Lcd.c,100 :: 		
0x0097	0x200A      	CALL       _Delay_5500us
;__Lib_Lcd.c,101 :: 		
0x0098	0x200A      	CALL       _Delay_5500us
;__Lib_Lcd.c,102 :: 		
0x0099	0x200A      	CALL       _Delay_5500us
;__Lib_Lcd.c,105 :: 		
0x009A	0x1586      	BSF        LCD_D5, BitPos(LCD_D5+0)
;__Lib_Lcd.c,106 :: 		
0x009B	0x1506      	BSF        LCD_D4, BitPos(LCD_D4+0)
;__Lib_Lcd.c,107 :: 		
0x009C	0x1486      	BSF        LCD_EN, BitPos(LCD_EN+0)
;__Lib_Lcd.c,108 :: 		
0x009D	0x2017      	CALL       _Delay_1us
;__Lib_Lcd.c,109 :: 		
0x009E	0x1086      	BCF        LCD_EN, BitPos(LCD_EN+0)
;__Lib_Lcd.c,110 :: 		
0x009F	0x200A      	CALL       _Delay_5500us
;__Lib_Lcd.c,112 :: 		
0x00A0	0x1486      	BSF        LCD_EN, BitPos(LCD_EN+0)
;__Lib_Lcd.c,113 :: 		
0x00A1	0x2017      	CALL       _Delay_1us
;__Lib_Lcd.c,114 :: 		
0x00A2	0x1086      	BCF        LCD_EN, BitPos(LCD_EN+0)
;__Lib_Lcd.c,115 :: 		
0x00A3	0x200A      	CALL       _Delay_5500us
;__Lib_Lcd.c,117 :: 		
0x00A4	0x1486      	BSF        LCD_EN, BitPos(LCD_EN+0)
;__Lib_Lcd.c,118 :: 		
0x00A5	0x2017      	CALL       _Delay_1us
;__Lib_Lcd.c,119 :: 		
0x00A6	0x1086      	BCF        LCD_EN, BitPos(LCD_EN+0)
;__Lib_Lcd.c,120 :: 		
0x00A7	0x200A      	CALL       _Delay_5500us
;__Lib_Lcd.c,123 :: 		
0x00A8	0x1106      	BCF        LCD_D4, BitPos(LCD_D4+0)
;__Lib_Lcd.c,124 :: 		
0x00A9	0x1486      	BSF        LCD_EN, BitPos(LCD_EN+0)
;__Lib_Lcd.c,125 :: 		
0x00AA	0x2017      	CALL       _Delay_1us
;__Lib_Lcd.c,126 :: 		
0x00AB	0x1086      	BCF        LCD_EN, BitPos(LCD_EN+0)
;__Lib_Lcd.c,127 :: 		
0x00AC	0x200A      	CALL       _Delay_5500us
;__Lib_Lcd.c,130 :: 		
0x00AD	0x1486      	BSF        LCD_EN, BitPos(LCD_EN+0)
;__Lib_Lcd.c,131 :: 		
0x00AE	0x2017      	CALL       _Delay_1us
;__Lib_Lcd.c,132 :: 		
0x00AF	0x1086      	BCF        LCD_EN, BitPos(LCD_EN+0)
;__Lib_Lcd.c,134 :: 		
0x00B0	0x1186      	BCF        LCD_D5, BitPos(LCD_D5+0)
;__Lib_Lcd.c,135 :: 		
0x00B1	0x1686      	BSF        LCD_D7, BitPos(LCD_D7+0)
;__Lib_Lcd.c,136 :: 		
0x00B2	0x1486      	BSF        LCD_EN, BitPos(LCD_EN+0)
;__Lib_Lcd.c,137 :: 		
0x00B3	0x2017      	CALL       _Delay_1us
;__Lib_Lcd.c,138 :: 		
0x00B4	0x1086      	BCF        LCD_EN, BitPos(LCD_EN+0)
;__Lib_Lcd.c,139 :: 		
0x00B5	0x200A      	CALL       _Delay_5500us
;__Lib_Lcd.c,142 :: 		
0x00B6	0x1286      	BCF        LCD_D7, BitPos(LCD_D7+0)
;__Lib_Lcd.c,143 :: 		
0x00B7	0x1506      	BSF        LCD_D4, BitPos(LCD_D4+0)
;__Lib_Lcd.c,144 :: 		
0x00B8	0x1486      	BSF        LCD_EN, BitPos(LCD_EN+0)
;__Lib_Lcd.c,145 :: 		
0x00B9	0x2017      	CALL       _Delay_1us
;__Lib_Lcd.c,146 :: 		
0x00BA	0x1086      	BCF        LCD_EN, BitPos(LCD_EN+0)
;__Lib_Lcd.c,148 :: 		
0x00BB	0x1106      	BCF        LCD_D4, BitPos(LCD_D4+0)
;__Lib_Lcd.c,149 :: 		
0x00BC	0x1486      	BSF        LCD_EN, BitPos(LCD_EN+0)
;__Lib_Lcd.c,150 :: 		
0x00BD	0x2017      	CALL       _Delay_1us
;__Lib_Lcd.c,151 :: 		
0x00BE	0x1086      	BCF        LCD_EN, BitPos(LCD_EN+0)
;__Lib_Lcd.c,152 :: 		
0x00BF	0x200A      	CALL       _Delay_5500us
;__Lib_Lcd.c,155 :: 		
0x00C0	0x1486      	BSF        LCD_EN, BitPos(LCD_EN+0)
;__Lib_Lcd.c,156 :: 		
0x00C1	0x2017      	CALL       _Delay_1us
;__Lib_Lcd.c,157 :: 		
0x00C2	0x1086      	BCF        LCD_EN, BitPos(LCD_EN+0)
;__Lib_Lcd.c,159 :: 		
0x00C3	0x1506      	BSF        LCD_D4, BitPos(LCD_D4+0)
;__Lib_Lcd.c,160 :: 		
0x00C4	0x1486      	BSF        LCD_EN, BitPos(LCD_EN+0)
;__Lib_Lcd.c,161 :: 		
0x00C5	0x2017      	CALL       _Delay_1us
;__Lib_Lcd.c,162 :: 		
0x00C6	0x1086      	BCF        LCD_EN, BitPos(LCD_EN+0)
;__Lib_Lcd.c,163 :: 		
0x00C7	0x200A      	CALL       _Delay_5500us
;__Lib_Lcd.c,166 :: 		
0x00C8	0x1106      	BCF        LCD_D4, BitPos(LCD_D4+0)
;__Lib_Lcd.c,167 :: 		
0x00C9	0x1486      	BSF        LCD_EN, BitPos(LCD_EN+0)
;__Lib_Lcd.c,168 :: 		
0x00CA	0x2017      	CALL       _Delay_1us
;__Lib_Lcd.c,169 :: 		
0x00CB	0x1086      	BCF        LCD_EN, BitPos(LCD_EN+0)
;__Lib_Lcd.c,171 :: 		
0x00CC	0x1686      	BSF        LCD_D7, BitPos(LCD_D7+0)
;__Lib_Lcd.c,172 :: 		
0x00CD	0x1606      	BSF        LCD_D6, BitPos(LCD_D6+0)
;__Lib_Lcd.c,173 :: 		
0x00CE	0x1586      	BSF        LCD_D5, BitPos(LCD_D5+0)
;__Lib_Lcd.c,174 :: 		
0x00CF	0x1506      	BSF        LCD_D4, BitPos(LCD_D4+0)
;__Lib_Lcd.c,175 :: 		
0x00D0	0x1486      	BSF        LCD_EN, BitPos(LCD_EN+0)
;__Lib_Lcd.c,176 :: 		
0x00D1	0x2017      	CALL       _Delay_1us
;__Lib_Lcd.c,177 :: 		
0x00D2	0x1086      	BCF        LCD_EN, BitPos(LCD_EN+0)
;__Lib_Lcd.c,179 :: 		
0x00D3	0x200A      	CALL       _Delay_5500us
;__Lib_Lcd.c,181 :: 		
0x00D4	0x1683      	BSF        STATUS, 5
0x00D5	0x142B      	BSF        __Lib_Lcd_cmd_status, BitPos(__Lib_Lcd_cmd_status+0)
;__Lib_Lcd.c,182 :: 		
L_end_Lcd_Init:
0x00D6	0x0008      	RETURN
; end of _Lcd_Init
_Lcd_Out:
;__Lib_Lcd.c,184 :: 		
;__Lib_Lcd.c,187 :: 		
0x00D7	0x28E9      	GOTO       L_Lcd_Out11
;__Lib_Lcd.c,188 :: 		
L_Lcd_Out13:
0x00D8	0x3080      	MOVLW      128
0x00D9	0x1683      	BSF        STATUS, 5
0x00DA	0x1303      	BCF        STATUS, 6
0x00DB	0x00B2      	MOVWF      FARG_Lcd_Out_row
0x00DC	0x28FC      	GOTO       L_Lcd_Out12
;__Lib_Lcd.c,189 :: 		
L_Lcd_Out14:
0x00DD	0x30C0      	MOVLW      192
0x00DE	0x00B2      	MOVWF      FARG_Lcd_Out_row
0x00DF	0x28FC      	GOTO       L_Lcd_Out12
;__Lib_Lcd.c,190 :: 		
L_Lcd_Out15:
0x00E0	0x3094      	MOVLW      148
0x00E1	0x00B2      	MOVWF      FARG_Lcd_Out_row
0x00E2	0x28FC      	GOTO       L_Lcd_Out12
;__Lib_Lcd.c,191 :: 		
L_Lcd_Out16:
0x00E3	0x30D4      	MOVLW      212
0x00E4	0x00B2      	MOVWF      FARG_Lcd_Out_row
0x00E5	0x28FC      	GOTO       L_Lcd_Out12
;__Lib_Lcd.c,192 :: 		
L_Lcd_Out17:
0x00E6	0x3080      	MOVLW      128
0x00E7	0x00B2      	MOVWF      FARG_Lcd_Out_row
;__Lib_Lcd.c,193 :: 		
0x00E8	0x28FC      	GOTO       L_Lcd_Out12
L_Lcd_Out11:
0x00E9	0x1683      	BSF        STATUS, 5
0x00EA	0x1303      	BCF        STATUS, 6
0x00EB	0x0832      	MOVF       FARG_Lcd_Out_row, 0
0x00EC	0x3A01      	XORLW      1
0x00ED	0x1903      	BTFSC      STATUS, 2
0x00EE	0x28D8      	GOTO       L_Lcd_Out13
0x00EF	0x0832      	MOVF       FARG_Lcd_Out_row, 0
0x00F0	0x3A02      	XORLW      2
0x00F1	0x1903      	BTFSC      STATUS, 2
0x00F2	0x28DD      	GOTO       L_Lcd_Out14
0x00F3	0x0832      	MOVF       FARG_Lcd_Out_row, 0
0x00F4	0x3A03      	XORLW      3
0x00F5	0x1903      	BTFSC      STATUS, 2
0x00F6	0x28E0      	GOTO       L_Lcd_Out15
0x00F7	0x0832      	MOVF       FARG_Lcd_Out_row, 0
0x00F8	0x3A04      	XORLW      4
0x00F9	0x1903      	BTFSC      STATUS, 2
0x00FA	0x28E3      	GOTO       L_Lcd_Out16
0x00FB	0x28E6      	GOTO       L_Lcd_Out17
L_Lcd_Out12:
;__Lib_Lcd.c,194 :: 		
0x00FC	0x0333      	DECF       FARG_Lcd_Out_column, 0
0x00FD	0x00F0      	MOVWF      R0
0x00FE	0x0832      	MOVF       FARG_Lcd_Out_row, 0
0x00FF	0x07F0      	ADDWF      R0, 1
0x0100	0x0870      	MOVF       R0, 0
0x0101	0x00B2      	MOVWF      FARG_Lcd_Out_row
;__Lib_Lcd.c,196 :: 		
0x0102	0x0870      	MOVF       R0, 0
0x0103	0x00B7      	MOVWF      FARG_Lcd_Cmd_out_char
0x0104	0x201A      	CALL       _Lcd_Cmd
;__Lib_Lcd.c,197 :: 		
0x0105	0x1683      	BSF        STATUS, 5
0x0106	0x102B      	BCF        __Lib_Lcd_cmd_status, BitPos(__Lib_Lcd_cmd_status+0)
;__Lib_Lcd.c,198 :: 		
0x0107	0x01B5      	CLRF       Lcd_Out_i_L0
;__Lib_Lcd.c,199 :: 		
L_Lcd_Out18:
0x0108	0x0835      	MOVF       Lcd_Out_i_L0, 0
0x0109	0x0734      	ADDWF      FARG_Lcd_Out_text, 0
0x010A	0x0084      	MOVWF      FSR
0x010B	0x0800      	MOVF       INDF, 0
0x010C	0x1903      	BTFSC      STATUS, 2
0x010D	0x2916      	GOTO       L_Lcd_Out19
;__Lib_Lcd.c,200 :: 		
0x010E	0x0835      	MOVF       Lcd_Out_i_L0, 0
0x010F	0x0734      	ADDWF      FARG_Lcd_Out_text, 0
0x0110	0x0084      	MOVWF      FSR
0x0111	0x0800      	MOVF       INDF, 0
0x0112	0x00B6      	MOVWF      FARG_Lcd_Chr_CP_out_char
0x0113	0x207F      	CALL       _Lcd_Chr_CP
0x0114	0x0AB5      	INCF       Lcd_Out_i_L0, 1
0x0115	0x2908      	GOTO       L_Lcd_Out18
L_Lcd_Out19:
;__Lib_Lcd.c,201 :: 		
0x0116	0x142B      	BSF        __Lib_Lcd_cmd_status, BitPos(__Lib_Lcd_cmd_status+0)
;__Lib_Lcd.c,202 :: 		
L_end_Lcd_Out:
0x0117	0x0008      	RETURN
; end of _Lcd_Out
___CC2DW:
;__Lib_System.c,134 :: 		
;__Lib_System.c,137 :: 		
_CC2D_Loop1:
;__Lib_System.c,139 :: 		
0x0118	0x2078      	CALL       _____DoICP
0x0119	0x118A      	BCF        PCLATH, 3
0x011A	0x120A      	BCF        PCLATH, 4
;__Lib_System.c,141 :: 		
0x011B	0x0080      	MOVWF      INDF
;__Lib_System.c,142 :: 		
0x011C	0x0A84      	INCF       FSR, 1
;__Lib_System.c,143 :: 		
0x011D	0x0AA9      	INCF       ___DoICPAddr, 1
;__Lib_System.c,145 :: 		
0x011E	0x1903      	BTFSC      STATUS, 2
;__Lib_System.c,146 :: 		
0x011F	0x0AAA      	INCF       ___DoICPAddr+1, 1
;__Lib_System.c,147 :: 		
0x0120	0x03F0      	DECF       R0, 1
;__Lib_System.c,149 :: 		
0x0121	0x1D03      	BTFSS      STATUS, 2
;__Lib_System.c,150 :: 		
0x0122	0x2918      	GOTO       _CC2D_Loop1
;__Lib_System.c,152 :: 		
L_end___CC2DW:
0x0123	0x0008      	RETURN
; end of ___CC2DW
_main:
0x0124	0x233E      	CALL       830
;lop.c,33 :: 		void main()
;lop.c,36 :: 		int i = 0;
0x0125	0x1683      	BSF        STATUS, 5
0x0126	0x1303      	BCF        STATUS, 6
0x0127	0x01AC      	CLRF       main_i_L0
0x0128	0x01AD      	CLRF       main_i_L0+1
0x0129	0x3010      	MOVLW      16
0x012A	0x00AE      	MOVWF      main_c_L0
0x012B	0x3000      	MOVLW      0
0x012C	0x00AF      	MOVWF      main_c_L0+1
0x012D	0x01B0      	CLRF       main_b_L0
0x012E	0x01B1      	CLRF       main_b_L0+1
;lop.c,39 :: 		CMCON = 0x07;
0x012F	0x3007      	MOVLW      7
0x0130	0x009C      	MOVWF      CMCON
;lop.c,40 :: 		ADCON1 = 0x06;
0x0131	0x3006      	MOVLW      6
0x0132	0x009F      	MOVWF      ADCON1
;lop.c,41 :: 		TRISA = 0x0F;                  // set direction to be input
0x0133	0x300F      	MOVLW      15
0x0134	0x0085      	MOVWF      TRISA
;lop.c,42 :: 		PORTA = 0x00;
0x0135	0x1283      	BCF        STATUS, 5
0x0136	0x0185      	CLRF       PORTA
;lop.c,43 :: 		PORTD = 0x00;
0x0137	0x0188      	CLRF       PORTD
;lop.c,44 :: 		PORTC = 0x00;
0x0138	0x0187      	CLRF       PORTC
;lop.c,45 :: 		TRISB = 0x00;                  //  set direction to be output
0x0139	0x1683      	BSF        STATUS, 5
0x013A	0x0186      	CLRF       TRISB
;lop.c,46 :: 		TRISC = 0x00;                  // set direction to be output
0x013B	0x0187      	CLRF       TRISC
;lop.c,47 :: 		TRISD = 0x80;                  // set direction to be output
0x013C	0x3080      	MOVLW      128
0x013D	0x0088      	MOVWF      TRISD
;lop.c,49 :: 		PORTD.F2 = 1;
0x013E	0x1283      	BCF        STATUS, 5
0x013F	0x1508      	BSF        PORTD, 2
;lop.c,50 :: 		PORTD.F7 = 1;
0x0140	0x1788      	BSF        PORTD, 7
;lop.c,52 :: 		Lcd_Init();                    // Initialize LCD
0x0141	0x2088      	CALL       _Lcd_Init
;lop.c,53 :: 		Lcd_Cmd(_LCD_CLEAR);           // Clear display
0x0142	0x3001      	MOVLW      1
0x0143	0x00B7      	MOVWF      FARG_Lcd_Cmd_out_char
0x0144	0x201A      	CALL       _Lcd_Cmd
;lop.c,54 :: 		Lcd_Cmd(_LCD_CURSOR_OFF);      // Cursor off
0x0145	0x300C      	MOVLW      12
0x0146	0x1683      	BSF        STATUS, 5
0x0147	0x00B7      	MOVWF      FARG_Lcd_Cmd_out_char
0x0148	0x201A      	CALL       _Lcd_Cmd
;lop.c,55 :: 		Lcd_Out(1,1,txt1);             // Write text in first row
0x0149	0x3001      	MOVLW      1
0x014A	0x1683      	BSF        STATUS, 5
0x014B	0x00B2      	MOVWF      FARG_Lcd_Out_row
0x014C	0x3001      	MOVLW      1
0x014D	0x00B3      	MOVWF      FARG_Lcd_Out_column
0x014E	0x306A      	MOVLW      _txt1
0x014F	0x00B4      	MOVWF      FARG_Lcd_Out_text
0x0150	0x20D7      	CALL       _Lcd_Out
;lop.c,56 :: 		Lcd_Out(2,1,txt2);             // Write text in second row
0x0151	0x3002      	MOVLW      2
0x0152	0x00B2      	MOVWF      FARG_Lcd_Out_row
0x0153	0x3001      	MOVLW      1
0x0154	0x00B3      	MOVWF      FARG_Lcd_Out_column
0x0155	0x30A3      	MOVLW      _txt2
0x0156	0x00B4      	MOVWF      FARG_Lcd_Out_text
0x0157	0x20D7      	CALL       _Lcd_Out
;lop.c,57 :: 		Delay_ms(500);
0x0158	0x3006      	MOVLW      6
0x0159	0x00FB      	MOVWF      R11
0x015A	0x3013      	MOVLW      19
0x015B	0x00FC      	MOVWF      R12
0x015C	0x30AD      	MOVLW      173
0x015D	0x00FD      	MOVWF      R13
L_main0:
0x015E	0x0BFD      	DECFSZ     R13, 1
0x015F	0x295E      	GOTO       L_main0
0x0160	0x0BFC      	DECFSZ     R12, 1
0x0161	0x295E      	GOTO       L_main0
0x0162	0x0BFB      	DECFSZ     R11, 1
0x0163	0x295E      	GOTO       L_main0
0x0164	0x0000      	NOP
0x0165	0x0000      	NOP
;lop.c,58 :: 		Lcd_Cmd(_LCD_CLEAR);           // Clear display
0x0166	0x3001      	MOVLW      1
0x0167	0x00B7      	MOVWF      FARG_Lcd_Cmd_out_char
0x0168	0x201A      	CALL       _Lcd_Cmd
;lop.c,59 :: 		Lcd_Out(1,1,txt3);             // Write text in first row
0x0169	0x3001      	MOVLW      1
0x016A	0x1683      	BSF        STATUS, 5
0x016B	0x00B2      	MOVWF      FARG_Lcd_Out_row
0x016C	0x3001      	MOVLW      1
0x016D	0x00B3      	MOVWF      FARG_Lcd_Out_column
0x016E	0x3048      	MOVLW      _txt3
0x016F	0x00B4      	MOVWF      FARG_Lcd_Out_text
0x0170	0x20D7      	CALL       _Lcd_Out
;lop.c,60 :: 		Lcd_Out(2,1,txt4);             // Write text in second row
0x0171	0x3002      	MOVLW      2
0x0172	0x00B2      	MOVWF      FARG_Lcd_Out_row
0x0173	0x3001      	MOVLW      1
0x0174	0x00B3      	MOVWF      FARG_Lcd_Out_column
0x0175	0x3039      	MOVLW      _txt4
0x0176	0x00B4      	MOVWF      FARG_Lcd_Out_text
0x0177	0x20D7      	CALL       _Lcd_Out
;lop.c,61 :: 		Delay_ms(500);
0x0178	0x3006      	MOVLW      6
0x0179	0x00FB      	MOVWF      R11
0x017A	0x3013      	MOVLW      19
0x017B	0x00FC      	MOVWF      R12
0x017C	0x30AD      	MOVLW      173
0x017D	0x00FD      	MOVWF      R13
L_main1:
0x017E	0x0BFD      	DECFSZ     R13, 1
0x017F	0x297E      	GOTO       L_main1
0x0180	0x0BFC      	DECFSZ     R12, 1
0x0181	0x297E      	GOTO       L_main1
0x0182	0x0BFB      	DECFSZ     R11, 1
0x0183	0x297E      	GOTO       L_main1
0x0184	0x0000      	NOP
0x0185	0x0000      	NOP
;lop.c,64 :: 		for(i=0; i<15; i++)
0x0186	0x01AC      	CLRF       main_i_L0
0x0187	0x01AD      	CLRF       main_i_L0+1
L_main2:
0x0188	0x3080      	MOVLW      128
0x0189	0x062D      	XORWF      main_i_L0+1, 0
0x018A	0x00F0      	MOVWF      R0
0x018B	0x3080      	MOVLW      128
0x018C	0x0270      	SUBWF      R0, 0
0x018D	0x1D03      	BTFSS      STATUS, 2
0x018E	0x2991      	GOTO       L__main34
0x018F	0x300F      	MOVLW      15
0x0190	0x022C      	SUBWF      main_i_L0, 0
L__main34:
0x0191	0x1803      	BTFSC      STATUS, 0
0x0192	0x29A9      	GOTO       L_main3
;lop.c,66 :: 		Lcd_Cmd(_LCD_SHIFT_RIGHT);
0x0193	0x301C      	MOVLW      28
0x0194	0x00B7      	MOVWF      FARG_Lcd_Cmd_out_char
0x0195	0x201A      	CALL       _Lcd_Cmd
;lop.c,67 :: 		Delay_ms(125);
0x0196	0x3002      	MOVLW      2
0x0197	0x00FB      	MOVWF      R11
0x0198	0x3045      	MOVLW      69
0x0199	0x00FC      	MOVWF      R12
0x019A	0x30A9      	MOVLW      169
0x019B	0x00FD      	MOVWF      R13
L_main5:
0x019C	0x0BFD      	DECFSZ     R13, 1
0x019D	0x299C      	GOTO       L_main5
0x019E	0x0BFC      	DECFSZ     R12, 1
0x019F	0x299C      	GOTO       L_main5
0x01A0	0x0BFB      	DECFSZ     R11, 1
0x01A1	0x299C      	GOTO       L_main5
0x01A2	0x0000      	NOP
0x01A3	0x0000      	NOP
;lop.c,64 :: 		for(i=0; i<15; i++)
0x01A4	0x1683      	BSF        STATUS, 5
0x01A5	0x0AAC      	INCF       main_i_L0, 1
0x01A6	0x1903      	BTFSC      STATUS, 2
0x01A7	0x0AAD      	INCF       main_i_L0+1, 1
;lop.c,68 :: 		}
0x01A8	0x2988      	GOTO       L_main2
L_main3:
;lop.c,70 :: 		i=0; //Motor Status OFF
0x01A9	0x01AC      	CLRF       main_i_L0
0x01AA	0x01AD      	CLRF       main_i_L0+1
;lop.c,72 :: 		do
L_main6:
0x01AB	0x1683      	BSF        STATUS, 5
;lop.c,74 :: 		Lcd_Cmd(_LCD_CLEAR);
0x01AC	0x3001      	MOVLW      1
0x01AD	0x00B7      	MOVWF      FARG_Lcd_Cmd_out_char
0x01AE	0x201A      	CALL       _Lcd_Cmd
;lop.c,75 :: 		Lcd_Out(1,1,wtr1);
0x01AF	0x3001      	MOVLW      1
0x01B0	0x1683      	BSF        STATUS, 5
0x01B1	0x00B2      	MOVWF      FARG_Lcd_Out_row
0x01B2	0x3001      	MOVLW      1
0x01B3	0x00B3      	MOVWF      FARG_Lcd_Out_column
0x01B4	0x3052      	MOVLW      _wtr1
0x01B5	0x00B4      	MOVWF      FARG_Lcd_Out_text
0x01B6	0x20D7      	CALL       _Lcd_Out
;lop.c,76 :: 		Lcd_Out(2,1,mtr1);
0x01B7	0x3002      	MOVLW      2
0x01B8	0x00B2      	MOVWF      FARG_Lcd_Out_row
0x01B9	0x3001      	MOVLW      1
0x01BA	0x00B3      	MOVWF      FARG_Lcd_Out_column
0x01BB	0x3063      	MOVLW      _mtr1
0x01BC	0x00B4      	MOVWF      FARG_Lcd_Out_text
0x01BD	0x20D7      	CALL       _Lcd_Out
;lop.c,77 :: 		if(c>0)
0x01BE	0x3080      	MOVLW      128
0x01BF	0x00F0      	MOVWF      R0
0x01C0	0x3080      	MOVLW      128
0x01C1	0x062F      	XORWF      main_c_L0+1, 0
0x01C2	0x0270      	SUBWF      R0, 0
0x01C3	0x1D03      	BTFSS      STATUS, 2
0x01C4	0x29C7      	GOTO       L__main35
0x01C5	0x082E      	MOVF       main_c_L0, 0
0x01C6	0x3C00      	SUBLW      0
L__main35:
0x01C7	0x1803      	BTFSC      STATUS, 0
0x01C8	0x29D1      	GOTO       L_main9
;lop.c,79 :: 		PORTD.F2 = 1;             //LCD Backlight ON
0x01C9	0x1283      	BCF        STATUS, 5
0x01CA	0x1508      	BSF        PORTD, 2
;lop.c,80 :: 		c--;
0x01CB	0x3001      	MOVLW      1
0x01CC	0x1683      	BSF        STATUS, 5
0x01CD	0x02AE      	SUBWF      main_c_L0, 1
0x01CE	0x1C03      	BTFSS      STATUS, 0
0x01CF	0x03AF      	DECF       main_c_L0+1, 1
;lop.c,81 :: 		}
0x01D0	0x29D3      	GOTO       L_main10
L_main9:
;lop.c,83 :: 		PORTD.F2 = 0;              //LCD Backlight OFF
0x01D1	0x1283      	BCF        STATUS, 5
0x01D2	0x1108      	BCF        PORTD, 2
L_main10:
;lop.c,85 :: 		if(b>0)
0x01D3	0x3080      	MOVLW      128
0x01D4	0x00F0      	MOVWF      R0
0x01D5	0x3080      	MOVLW      128
0x01D6	0x1683      	BSF        STATUS, 5
0x01D7	0x0631      	XORWF      main_b_L0+1, 0
0x01D8	0x0270      	SUBWF      R0, 0
0x01D9	0x1D03      	BTFSS      STATUS, 2
0x01DA	0x29DD      	GOTO       L__main36
0x01DB	0x0830      	MOVF       main_b_L0, 0
0x01DC	0x3C00      	SUBLW      0
L__main36:
0x01DD	0x1803      	BTFSC      STATUS, 0
0x01DE	0x29F5      	GOTO       L_main11
;lop.c,87 :: 		PORTD.F0 = 1;              //Buzzer ON
0x01DF	0x1283      	BCF        STATUS, 5
0x01E0	0x1408      	BSF        PORTD, 0
;lop.c,88 :: 		Delay_ms(125);
0x01E1	0x3002      	MOVLW      2
0x01E2	0x00FB      	MOVWF      R11
0x01E3	0x3045      	MOVLW      69
0x01E4	0x00FC      	MOVWF      R12
0x01E5	0x30A9      	MOVLW      169
0x01E6	0x00FD      	MOVWF      R13
L_main12:
0x01E7	0x0BFD      	DECFSZ     R13, 1
0x01E8	0x29E7      	GOTO       L_main12
0x01E9	0x0BFC      	DECFSZ     R12, 1
0x01EA	0x29E7      	GOTO       L_main12
0x01EB	0x0BFB      	DECFSZ     R11, 1
0x01EC	0x29E7      	GOTO       L_main12
0x01ED	0x0000      	NOP
0x01EE	0x0000      	NOP
;lop.c,89 :: 		PORTD.F0 = 0;              //Buzzer OFF
0x01EF	0x1008      	BCF        PORTD, 0
;lop.c,90 :: 		b--;
0x01F0	0x3001      	MOVLW      1
0x01F1	0x1683      	BSF        STATUS, 5
0x01F2	0x02B0      	SUBWF      main_b_L0, 1
0x01F3	0x1C03      	BTFSS      STATUS, 0
0x01F4	0x03B1      	DECF       main_b_L0+1, 1
;lop.c,91 :: 		}
L_main11:
;lop.c,93 :: 		if(PORTD.F7 == 0)            //Manual Backlight ON
0x01F5	0x1283      	BCF        STATUS, 5
0x01F6	0x1B88      	BTFSC      PORTD, 7
0x01F7	0x29FD      	GOTO       L_main13
;lop.c,94 :: 		c = 16;
0x01F8	0x3010      	MOVLW      16
0x01F9	0x1683      	BSF        STATUS, 5
0x01FA	0x00AE      	MOVWF      main_c_L0
0x01FB	0x3000      	MOVLW      0
0x01FC	0x00AF      	MOVWF      main_c_L0+1
L_main13:
;lop.c,96 :: 		if(PORTA == 0x0F)
0x01FD	0x1283      	BCF        STATUS, 5
0x01FE	0x0805      	MOVF       PORTA, 0
0x01FF	0x3A0F      	XORLW      15
0x0200	0x1D03      	BTFSS      STATUS, 2
0x0201	0x2A2B      	GOTO       L_main14
;lop.c,98 :: 		PORTD.F1 = 1;
0x0202	0x1488      	BSF        PORTD, 1
;lop.c,99 :: 		Lcd_Out(1,8,wtr2);
0x0203	0x3001      	MOVLW      1
0x0204	0x1683      	BSF        STATUS, 5
0x0205	0x00B2      	MOVWF      FARG_Lcd_Out_row
0x0206	0x3008      	MOVLW      8
0x0207	0x00B3      	MOVWF      FARG_Lcd_Out_column
0x0208	0x305A      	MOVLW      _wtr2
0x0209	0x00B4      	MOVWF      FARG_Lcd_Out_text
0x020A	0x20D7      	CALL       _Lcd_Out
;lop.c,100 :: 		Lcd_Out(2,7,mtr3);
0x020B	0x3002      	MOVLW      2
0x020C	0x00B2      	MOVWF      FARG_Lcd_Out_row
0x020D	0x3007      	MOVLW      7
0x020E	0x00B3      	MOVWF      FARG_Lcd_Out_column
0x020F	0x30A0      	MOVLW      _mtr3
0x0210	0x00B4      	MOVWF      FARG_Lcd_Out_text
0x0211	0x20D7      	CALL       _Lcd_Out
;lop.c,101 :: 		PORTC = 1;
0x0212	0x3001      	MOVLW      1
0x0213	0x1283      	BCF        STATUS, 5
0x0214	0x0087      	MOVWF      PORTC
;lop.c,102 :: 		if(i == 0)
0x0215	0x3000      	MOVLW      0
0x0216	0x1683      	BSF        STATUS, 5
0x0217	0x062D      	XORWF      main_i_L0+1, 0
0x0218	0x1D03      	BTFSS      STATUS, 2
0x0219	0x2A1C      	GOTO       L__main37
0x021A	0x3000      	MOVLW      0
0x021B	0x062C      	XORWF      main_i_L0, 0
L__main37:
0x021C	0x1D03      	BTFSS      STATUS, 2
0x021D	0x2A26      	GOTO       L_main15
;lop.c,104 :: 		c = 16;                //Backlight
0x021E	0x3010      	MOVLW      16
0x021F	0x00AE      	MOVWF      main_c_L0
0x0220	0x3000      	MOVLW      0
0x0221	0x00AF      	MOVWF      main_c_L0+1
;lop.c,105 :: 		b=3;                   //Buzzer
0x0222	0x3003      	MOVLW      3
0x0223	0x00B0      	MOVWF      main_b_L0
0x0224	0x3000      	MOVLW      0
0x0225	0x00B1      	MOVWF      main_b_L0+1
;lop.c,106 :: 		}
L_main15:
;lop.c,107 :: 		i=1;
0x0226	0x3001      	MOVLW      1
0x0227	0x00AC      	MOVWF      main_i_L0
0x0228	0x3000      	MOVLW      0
0x0229	0x00AD      	MOVWF      main_i_L0+1
;lop.c,108 :: 		}
0x022A	0x2ACF      	GOTO       L_main16
L_main14:
;lop.c,109 :: 		else if(PORTA == 0x0E)
0x022B	0x1283      	BCF        STATUS, 5
0x022C	0x0805      	MOVF       PORTA, 0
0x022D	0x3A0E      	XORLW      14
0x022E	0x1D03      	BTFSS      STATUS, 2
0x022F	0x2A53      	GOTO       L_main17
;lop.c,111 :: 		Lcd_Out(1,8,wtr3);
0x0230	0x3001      	MOVLW      1
0x0231	0x1683      	BSF        STATUS, 5
0x0232	0x00B2      	MOVWF      FARG_Lcd_Out_row
0x0233	0x3008      	MOVLW      8
0x0234	0x00B3      	MOVWF      FARG_Lcd_Out_column
0x0235	0x3031      	MOVLW      _wtr3
0x0236	0x00B4      	MOVWF      FARG_Lcd_Out_text
0x0237	0x20D7      	CALL       _Lcd_Out
;lop.c,112 :: 		if(i == 1)
0x0238	0x3000      	MOVLW      0
0x0239	0x062D      	XORWF      main_i_L0+1, 0
0x023A	0x1D03      	BTFSS      STATUS, 2
0x023B	0x2A3E      	GOTO       L__main38
0x023C	0x3001      	MOVLW      1
0x023D	0x062C      	XORWF      main_i_L0, 0
L__main38:
0x023E	0x1D03      	BTFSS      STATUS, 2
0x023F	0x2A48      	GOTO       L_main18
;lop.c,113 :: 		Lcd_Out(2,7,mtr3);
0x0240	0x3002      	MOVLW      2
0x0241	0x00B2      	MOVWF      FARG_Lcd_Out_row
0x0242	0x3007      	MOVLW      7
0x0243	0x00B3      	MOVWF      FARG_Lcd_Out_column
0x0244	0x30A0      	MOVLW      _mtr3
0x0245	0x00B4      	MOVWF      FARG_Lcd_Out_text
0x0246	0x20D7      	CALL       _Lcd_Out
0x0247	0x2A4F      	GOTO       L_main19
L_main18:
;lop.c,115 :: 		Lcd_Out(2,7,mtr2);
0x0248	0x3002      	MOVLW      2
0x0249	0x00B2      	MOVWF      FARG_Lcd_Out_row
0x024A	0x3007      	MOVLW      7
0x024B	0x00B3      	MOVWF      FARG_Lcd_Out_column
0x024C	0x3035      	MOVLW      _mtr2
0x024D	0x00B4      	MOVWF      FARG_Lcd_Out_text
0x024E	0x20D7      	CALL       _Lcd_Out
L_main19:
;lop.c,116 :: 		PORTC = 3;                 //LED Bar
0x024F	0x3003      	MOVLW      3
0x0250	0x1283      	BCF        STATUS, 5
0x0251	0x0087      	MOVWF      PORTC
;lop.c,117 :: 		}
0x0252	0x2ACF      	GOTO       L_main20
L_main17:
;lop.c,118 :: 		else if(PORTA == 0x0C)
0x0253	0x0805      	MOVF       PORTA, 0
0x0254	0x3A0C      	XORLW      12
0x0255	0x1D03      	BTFSS      STATUS, 2
0x0256	0x2A7A      	GOTO       L_main21
;lop.c,120 :: 		Lcd_Out(1,8,wtr4);
0x0257	0x3001      	MOVLW      1
0x0258	0x1683      	BSF        STATUS, 5
0x0259	0x00B2      	MOVWF      FARG_Lcd_Out_row
0x025A	0x3008      	MOVLW      8
0x025B	0x00B3      	MOVWF      FARG_Lcd_Out_column
0x025C	0x302A      	MOVLW      _wtr4
0x025D	0x00B4      	MOVWF      FARG_Lcd_Out_text
0x025E	0x20D7      	CALL       _Lcd_Out
;lop.c,121 :: 		if(i == 1)
0x025F	0x3000      	MOVLW      0
0x0260	0x062D      	XORWF      main_i_L0+1, 0
0x0261	0x1D03      	BTFSS      STATUS, 2
0x0262	0x2A65      	GOTO       L__main39
0x0263	0x3001      	MOVLW      1
0x0264	0x062C      	XORWF      main_i_L0, 0
L__main39:
0x0265	0x1D03      	BTFSS      STATUS, 2
0x0266	0x2A6F      	GOTO       L_main22
;lop.c,122 :: 		Lcd_Out(2,7,mtr3);
0x0267	0x3002      	MOVLW      2
0x0268	0x00B2      	MOVWF      FARG_Lcd_Out_row
0x0269	0x3007      	MOVLW      7
0x026A	0x00B3      	MOVWF      FARG_Lcd_Out_column
0x026B	0x30A0      	MOVLW      _mtr3
0x026C	0x00B4      	MOVWF      FARG_Lcd_Out_text
0x026D	0x20D7      	CALL       _Lcd_Out
0x026E	0x2A76      	GOTO       L_main23
L_main22:
;lop.c,124 :: 		Lcd_Out(2,7,mtr2);
0x026F	0x3002      	MOVLW      2
0x0270	0x00B2      	MOVWF      FARG_Lcd_Out_row
0x0271	0x3007      	MOVLW      7
0x0272	0x00B3      	MOVWF      FARG_Lcd_Out_column
0x0273	0x3035      	MOVLW      _mtr2
0x0274	0x00B4      	MOVWF      FARG_Lcd_Out_text
0x0275	0x20D7      	CALL       _Lcd_Out
L_main23:
;lop.c,125 :: 		PORTC = 7;                  //LED Bar
0x0276	0x3007      	MOVLW      7
0x0277	0x1283      	BCF        STATUS, 5
0x0278	0x0087      	MOVWF      PORTC
;lop.c,126 :: 		}
0x0279	0x2ACF      	GOTO       L_main24
L_main21:
;lop.c,127 :: 		else if(PORTA == 0x08)
0x027A	0x0805      	MOVF       PORTA, 0
0x027B	0x3A08      	XORLW      8
0x027C	0x1D03      	BTFSS      STATUS, 2
0x027D	0x2AA1      	GOTO       L_main25
;lop.c,129 :: 		Lcd_Out(1,8,wtr5);
0x027E	0x3001      	MOVLW      1
0x027F	0x1683      	BSF        STATUS, 5
0x0280	0x00B2      	MOVWF      FARG_Lcd_Out_row
0x0281	0x3008      	MOVLW      8
0x0282	0x00B3      	MOVWF      FARG_Lcd_Out_column
0x0283	0x3020      	MOVLW      _wtr5
0x0284	0x00B4      	MOVWF      FARG_Lcd_Out_text
0x0285	0x20D7      	CALL       _Lcd_Out
;lop.c,130 :: 		if(i == 1)
0x0286	0x3000      	MOVLW      0
0x0287	0x062D      	XORWF      main_i_L0+1, 0
0x0288	0x1D03      	BTFSS      STATUS, 2
0x0289	0x2A8C      	GOTO       L__main40
0x028A	0x3001      	MOVLW      1
0x028B	0x062C      	XORWF      main_i_L0, 0
L__main40:
0x028C	0x1D03      	BTFSS      STATUS, 2
0x028D	0x2A96      	GOTO       L_main26
;lop.c,131 :: 		Lcd_Out(2,7,mtr3);
0x028E	0x3002      	MOVLW      2
0x028F	0x00B2      	MOVWF      FARG_Lcd_Out_row
0x0290	0x3007      	MOVLW      7
0x0291	0x00B3      	MOVWF      FARG_Lcd_Out_column
0x0292	0x30A0      	MOVLW      _mtr3
0x0293	0x00B4      	MOVWF      FARG_Lcd_Out_text
0x0294	0x20D7      	CALL       _Lcd_Out
0x0295	0x2A9D      	GOTO       L_main27
L_main26:
;lop.c,133 :: 		Lcd_Out(2,7,mtr2);
0x0296	0x3002      	MOVLW      2
0x0297	0x00B2      	MOVWF      FARG_Lcd_Out_row
0x0298	0x3007      	MOVLW      7
0x0299	0x00B3      	MOVWF      FARG_Lcd_Out_column
0x029A	0x3035      	MOVLW      _mtr2
0x029B	0x00B4      	MOVWF      FARG_Lcd_Out_text
0x029C	0x20D7      	CALL       _Lcd_Out
L_main27:
;lop.c,134 :: 		PORTC = 15;              //LED Bar
0x029D	0x300F      	MOVLW      15
0x029E	0x1283      	BCF        STATUS, 5
0x029F	0x0087      	MOVWF      PORTC
;lop.c,135 :: 		}
0x02A0	0x2ACF      	GOTO       L_main28
L_main25:
;lop.c,136 :: 		else if(PORTA == 0x00)
0x02A1	0x0805      	MOVF       PORTA, 0
0x02A2	0x3A00      	XORLW      0
0x02A3	0x1D03      	BTFSS      STATUS, 2
0x02A4	0x2ACD      	GOTO       L_main29
;lop.c,138 :: 		Lcd_Out(1,8,wtr6);
0x02A5	0x3001      	MOVLW      1
0x02A6	0x1683      	BSF        STATUS, 5
0x02A7	0x00B2      	MOVWF      FARG_Lcd_Out_row
0x02A8	0x3008      	MOVLW      8
0x02A9	0x00B3      	MOVWF      FARG_Lcd_Out_column
0x02AA	0x3025      	MOVLW      _wtr6
0x02AB	0x00B4      	MOVWF      FARG_Lcd_Out_text
0x02AC	0x20D7      	CALL       _Lcd_Out
;lop.c,139 :: 		Lcd_Out(2,7,mtr2);
0x02AD	0x3002      	MOVLW      2
0x02AE	0x00B2      	MOVWF      FARG_Lcd_Out_row
0x02AF	0x3007      	MOVLW      7
0x02B0	0x00B3      	MOVWF      FARG_Lcd_Out_column
0x02B1	0x3035      	MOVLW      _mtr2
0x02B2	0x00B4      	MOVWF      FARG_Lcd_Out_text
0x02B3	0x20D7      	CALL       _Lcd_Out
;lop.c,140 :: 		PORTD.F1 = 0;              // Motor OFF
0x02B4	0x1283      	BCF        STATUS, 5
0x02B5	0x1088      	BCF        PORTD, 1
;lop.c,141 :: 		if(i == 1)
0x02B6	0x3000      	MOVLW      0
0x02B7	0x1683      	BSF        STATUS, 5
0x02B8	0x062D      	XORWF      main_i_L0+1, 0
0x02B9	0x1D03      	BTFSS      STATUS, 2
0x02BA	0x2ABD      	GOTO       L__main41
0x02BB	0x3001      	MOVLW      1
0x02BC	0x062C      	XORWF      main_i_L0, 0
L__main41:
0x02BD	0x1D03      	BTFSS      STATUS, 2
0x02BE	0x2AC7      	GOTO       L_main30
;lop.c,143 :: 		c = 16;                  //Backlight
0x02BF	0x3010      	MOVLW      16
0x02C0	0x00AE      	MOVWF      main_c_L0
0x02C1	0x3000      	MOVLW      0
0x02C2	0x00AF      	MOVWF      main_c_L0+1
;lop.c,144 :: 		b = 3;                   //Buzzer
0x02C3	0x3003      	MOVLW      3
0x02C4	0x00B0      	MOVWF      main_b_L0
0x02C5	0x3000      	MOVLW      0
0x02C6	0x00B1      	MOVWF      main_b_L0+1
;lop.c,145 :: 		}
L_main30:
;lop.c,146 :: 		i=0;                       //Motor Status Updated
0x02C7	0x01AC      	CLRF       main_i_L0
0x02C8	0x01AD      	CLRF       main_i_L0+1
;lop.c,147 :: 		PORTC = 31;                //LED Bar
0x02C9	0x301F      	MOVLW      31
0x02CA	0x1283      	BCF        STATUS, 5
0x02CB	0x0087      	MOVWF      PORTC
;lop.c,148 :: 		}
0x02CC	0x2ACF      	GOTO       L_main31
L_main29:
;lop.c,150 :: 		PORTA = 0x0F;
0x02CD	0x300F      	MOVLW      15
0x02CE	0x0085      	MOVWF      PORTA
L_main31:
L_main28:
L_main24:
L_main20:
L_main16:
;lop.c,151 :: 		Delay_ms(125);
0x02CF	0x3002      	MOVLW      2
0x02D0	0x00FB      	MOVWF      R11
0x02D1	0x3045      	MOVLW      69
0x02D2	0x00FC      	MOVWF      R12
0x02D3	0x30A9      	MOVLW      169
0x02D4	0x00FD      	MOVWF      R13
L_main32:
0x02D5	0x0BFD      	DECFSZ     R13, 1
0x02D6	0x2AD5      	GOTO       L_main32
0x02D7	0x0BFC      	DECFSZ     R12, 1
0x02D8	0x2AD5      	GOTO       L_main32
0x02D9	0x0BFB      	DECFSZ     R11, 1
0x02DA	0x2AD5      	GOTO       L_main32
0x02DB	0x0000      	NOP
0x02DC	0x0000      	NOP
;lop.c,154 :: 		}while(1);                     // Endless loop
0x02DD	0x29AB      	GOTO       L_main6
;lop.c,155 :: 		}
L_end_main:
0x02DE	0x2ADE      	GOTO       $+0
; end of _main
0x033E	0x3020      	MOVLW      32
0x033F	0x0084      	MOVWF      FSR
0x0340	0x3050      	MOVLW      80
0x0341	0x1283      	BCF        STATUS, 5
0x0342	0x1303      	BCF        STATUS, 6
0x0343	0x00F0      	MOVWF      R0
0x0344	0x30E4      	MOVLW      228
0x0345	0x1683      	BSF        STATUS, 5
0x0346	0x00A9      	MOVWF      ___DoICPAddr
0x0347	0x3002      	MOVLW      2
0x0348	0x00AA      	MOVWF      170
0x0349	0x2118      	CALL       280
0x034A	0x30A0      	MOVLW      160
0x034B	0x0084      	MOVWF      FSR
0x034C	0x3009      	MOVLW      9
0x034D	0x00F0      	MOVWF      R0
0x034E	0x3034      	MOVLW      52
0x034F	0x1683      	BSF        STATUS, 5
0x0350	0x00A9      	MOVWF      ___DoICPAddr
0x0351	0x3003      	MOVLW      3
0x0352	0x00AA      	MOVWF      170
0x0353	0x2118      	CALL       280
0x0354	0x0008      	RETURN
;lop.c,0 :: ?ICS_wtr5
0x02E4	0x3448 ;?ICS_wtr5+0
0x02E5	0x3469 ;?ICS_wtr5+1
0x02E6	0x3467 ;?ICS_wtr5+2
0x02E7	0x3468 ;?ICS_wtr5+3
0x02E8	0x3400 ;?ICS_wtr5+4
; end of ?ICS_wtr5
;lop.c,0 :: ?ICS_wtr6
0x02E9	0x3446 ;?ICS_wtr6+0
0x02EA	0x3475 ;?ICS_wtr6+1
0x02EB	0x346C ;?ICS_wtr6+2
0x02EC	0x346C ;?ICS_wtr6+3
0x02ED	0x3400 ;?ICS_wtr6+4
; end of ?ICS_wtr6
;lop.c,0 :: ?ICS_wtr4
0x02EE	0x344D ;?ICS_wtr4+0
0x02EF	0x3465 ;?ICS_wtr4+1
0x02F0	0x3464 ;?ICS_wtr4+2
0x02F1	0x3469 ;?ICS_wtr4+3
0x02F2	0x3475 ;?ICS_wtr4+4
0x02F3	0x346D ;?ICS_wtr4+5
0x02F4	0x3400 ;?ICS_wtr4+6
; end of ?ICS_wtr4
;lop.c,0 :: ?ICS_wtr3
0x02F5	0x344C ;?ICS_wtr3+0
0x02F6	0x346F ;?ICS_wtr3+1
0x02F7	0x3477 ;?ICS_wtr3+2
0x02F8	0x3400 ;?ICS_wtr3+3
; end of ?ICS_wtr3
;lop.c,0 :: ?ICS_mtr2
0x02F9	0x344F ;?ICS_mtr2+0
0x02FA	0x3446 ;?ICS_mtr2+1
0x02FB	0x3446 ;?ICS_mtr2+2
0x02FC	0x3400 ;?ICS_mtr2+3
; end of ?ICS_mtr2
;lop.c,0 :: ?ICS_txt4
0x02FD	0x3441 ;?ICS_txt4+0
0x02FE	0x346E ;?ICS_txt4+1
0x02FF	0x3464 ;?ICS_txt4+2
0x0300	0x3420 ;?ICS_txt4+3
0x0301	0x3443 ;?ICS_txt4+4
0x0302	0x346F ;?ICS_txt4+5
0x0303	0x346E ;?ICS_txt4+6
0x0304	0x3474 ;?ICS_txt4+7
0x0305	0x3472 ;?ICS_txt4+8
0x0306	0x346F ;?ICS_txt4+9
0x0307	0x346C ;?ICS_txt4+10
0x0308	0x346C ;?ICS_txt4+11
0x0309	0x3465 ;?ICS_txt4+12
0x030A	0x3472 ;?ICS_txt4+13
0x030B	0x3400 ;?ICS_txt4+14
; end of ?ICS_txt4
;lop.c,0 :: ?ICS_txt3
0x030C	0x3449 ;?ICS_txt3+0
0x030D	0x346E ;?ICS_txt3+1
0x030E	0x3464 ;?ICS_txt3+2
0x030F	0x3469 ;?ICS_txt3+3
0x0310	0x3463 ;?ICS_txt3+4
0x0311	0x3461 ;?ICS_txt3+5
0x0312	0x3474 ;?ICS_txt3+6
0x0313	0x346F ;?ICS_txt3+7
0x0314	0x3472 ;?ICS_txt3+8
0x0315	0x3400 ;?ICS_txt3+9
; end of ?ICS_txt3
;lop.c,0 :: ?ICS_wtr1
0x0316	0x344C ;?ICS_wtr1+0
0x0317	0x3465 ;?ICS_wtr1+1
0x0318	0x3476 ;?ICS_wtr1+2
0x0319	0x3465 ;?ICS_wtr1+3
0x031A	0x346C ;?ICS_wtr1+4
0x031B	0x343A ;?ICS_wtr1+5
0x031C	0x3420 ;?ICS_wtr1+6
0x031D	0x3400 ;?ICS_wtr1+7
; end of ?ICS_wtr1
;lop.c,0 :: ?ICS_wtr2
0x031E	0x3456 ;?ICS_wtr2+0
0x031F	0x3465 ;?ICS_wtr2+1
0x0320	0x3472 ;?ICS_wtr2+2
0x0321	0x3479 ;?ICS_wtr2+3
0x0322	0x3420 ;?ICS_wtr2+4
0x0323	0x344C ;?ICS_wtr2+5
0x0324	0x346F ;?ICS_wtr2+6
0x0325	0x3477 ;?ICS_wtr2+7
0x0326	0x3400 ;?ICS_wtr2+8
; end of ?ICS_wtr2
;lop.c,0 :: ?ICS_mtr1
0x0327	0x344D ;?ICS_mtr1+0
0x0328	0x346F ;?ICS_mtr1+1
0x0329	0x3474 ;?ICS_mtr1+2
0x032A	0x346F ;?ICS_mtr1+3
0x032B	0x3472 ;?ICS_mtr1+4
0x032C	0x3420 ;?ICS_mtr1+5
0x032D	0x3400 ;?ICS_mtr1+6
; end of ?ICS_mtr1
;lop.c,0 :: ?ICS_txt1
0x032E	0x3457 ;?ICS_txt1+0
0x032F	0x3461 ;?ICS_txt1+1
0x0330	0x3474 ;?ICS_txt1+2
0x0331	0x3465 ;?ICS_txt1+3
0x0332	0x3472 ;?ICS_txt1+4
0x0333	0x3400 ;?ICS_txt1+5
; end of ?ICS_txt1
;lop.c,0 :: ?ICS_mtr3
0x0334	0x344F ;?ICS_mtr3+0
0x0335	0x344E ;?ICS_mtr3+1
0x0336	0x3400 ;?ICS_mtr3+2
; end of ?ICS_mtr3
;lop.c,0 :: ?ICS_txt2
0x0337	0x344C ;?ICS_txt2+0
0x0338	0x3465 ;?ICS_txt2+1
0x0339	0x3476 ;?ICS_txt2+2
0x033A	0x3465 ;?ICS_txt2+3
0x033B	0x346C ;?ICS_txt2+4
0x033C	0x3400 ;?ICS_txt2+5
; end of ?ICS_txt2
Symbol List:
//** Routines locations **
//ADDRESS    SIZE    PROCEDURE
//----------------------------------------------
0x0003       [7]    _Delay_50us
0x000A      [13]    _Delay_5500us
0x0017       [3]    _Delay_1us
0x001A      [94]    _Lcd_Cmd
0x0078       [7]    _____DoICP
0x007F       [9]    _Lcd_Chr_CP
0x0088      [79]    _Lcd_Init
0x00D7      [65]    _Lcd_Out
0x0118      [12]    ___CC2DW
0x0124     [442]    _main
//** Variables locations ** 
//ADDRESS    SIZE    VARIABLE
//----------------------------------------------
0x0000       [1]    INDF
0x0002       [1]    PCL
0x0003       [1]    STATUS
0x0004       [1]    FSR
0x0005       [1]    PORTA
0x0006       [0]    RB0_bit
0x0006       [0]    LCD_RS
0x0006       [0]    RB1_bit
0x0006       [0]    LCD_D6
0x0006       [0]    RB5_bit
0x0006       [0]    RB4_bit
0x0006       [0]    LCD_D7
0x0006       [0]    RB3_bit
0x0006       [0]    RB2_bit
0x0006       [0]    LCD_EN
0x0006       [0]    LCD_D5
0x0006       [0]    LCD_D4
0x0007       [1]    PORTC
0x0008       [1]    PORTD
0x000A       [1]    PCLATH
0x0020       [5]    _wtr5
0x0025       [5]    _wtr6
0x002A       [7]    _wtr4
0x0031       [4]    _wtr3
0x0035       [4]    _mtr2
0x0039      [15]    _txt4
0x0048      [10]    _txt3
0x0052       [8]    _wtr1
0x005A       [9]    _wtr2
0x0063       [7]    _mtr1
0x006A       [6]    _txt1
0x0070       [1]    R0
0x0071       [1]    R1
0x0072       [1]    R2
0x0073       [1]    R3
0x0074       [1]    R4
0x0075       [1]    R5
0x0076       [1]    R6
0x0077       [1]    R7
0x0078       [1]    R8
0x0079       [1]    R9
0x007A       [1]    R10
0x007B       [1]    R11
0x007C       [1]    R12
0x007D       [1]    R13
0x007E       [1]    R14
0x007F       [1]    R15
0x0085       [1]    TRISA
0x0086       [0]    LCD_RS_Direction
0x0086       [1]    TRISB
0x0086       [0]    LCD_EN_Direction
0x0086       [0]    LCD_D6_Direction
0x0086       [0]    LCD_D7_Direction
0x0086       [0]    LCD_D4_Direction
0x0086       [0]    LCD_D5_Direction
0x0086       [0]    TRISB1_bit
0x0086       [0]    TRISB3_bit
0x0086       [0]    TRISB0_bit
0x0086       [0]    TRISB5_bit
0x0086       [0]    TRISB4_bit
0x0086       [0]    TRISB2_bit
0x0087       [1]    TRISC
0x0088       [1]    TRISD
0x009C       [1]    CMCON
0x009F       [1]    ADCON1
0x00A0       [3]    _mtr3
0x00A3       [6]    _txt2
0x00A9       [2]    ___DoICPAddr
0x00AB       [0]    __Lib_Lcd_cmd_status
0x00AC       [2]    main_i_L0
0x00AE       [2]    main_c_L0
0x00B0       [2]    main_b_L0
0x00B2       [1]    FARG_Lcd_Out_row
0x00B3       [1]    FARG_Lcd_Out_column
0x00B4       [1]    FARG_Lcd_Out_text
0x00B5       [1]    Lcd_Out_i_L0
0x00B6       [1]    FARG_Lcd_Chr_CP_out_char
0x00B7       [1]    FARG_Lcd_Cmd_out_char
//** Constants locations ** 
//ADDRESS    SIZE    CONSTANT
//----------------------------------------------
0x02E4       [5]    ?ICS_wtr5
0x02E9       [5]    ?ICS_wtr6
0x02EE       [7]    ?ICS_wtr4
0x02F5       [4]    ?ICS_wtr3
0x02F9       [4]    ?ICS_mtr2
0x02FD      [15]    ?ICS_txt4
0x030C      [10]    ?ICS_txt3
0x0316       [8]    ?ICS_wtr1
0x031E       [9]    ?ICS_wtr2
0x0327       [7]    ?ICS_mtr1
0x032E       [6]    ?ICS_txt1
0x0334       [3]    ?ICS_mtr3
0x0337       [6]    ?ICS_txt2
